2019-05-08 00:00:27.857 [Thread-1091] INFO  o.s.s.c.ThreadPoolTaskExecutor - Shutting down ExecutorService 'applicationTaskExecutor'
2019-05-08 00:00:27.860 [Thread-1091] INFO  o.s.o.j.LocalContainerEntityManagerFactoryBean - Closing JPA EntityManagerFactory for persistence unit 'default'
2019-05-08 00:00:27.860 [Thread-1091] INFO  o.h.t.s.i.SchemaDropperImpl$DelayedDropActionImpl - HHH000477: Starting delayed evictData of schema as part of SessionFactory shut-down'
2019-05-08 00:00:27.862 [Thread-1091] INFO  o.s.b.f.s.DisposableBeanAdapter - Invocation of destroy method failed on bean with name 'inMemoryDatabaseShutdownExecutor': org.h2.jdbc.JdbcSQLNonTransientConnectionException: Database is already closed (to disable automatic closing at VM shutdown, add ";DB_CLOSE_ON_EXIT=FALSE" to the db URL) [90121-199]
2019-05-08 00:00:27.863 [Thread-1091] INFO  com.zaxxer.hikari.HikariDataSource - HikariPool-126 - Shutdown initiated...
2019-05-08 00:00:27.863 [Thread-1091] INFO  com.zaxxer.hikari.HikariDataSource - HikariPool-126 - Shutdown completed.
2019-05-08 00:00:30.093 [restartedMain] INFO  com.abas.mobile.SpringBootAppStarter - Starting SpringBootAppStarter on COOLMET with PID 21136 (E:\Proje\web\abasmobile\target\classes started by lenovo in E:\Proje\web\abasmobile)
2019-05-08 00:00:30.093 [restartedMain] INFO  com.abas.mobile.SpringBootAppStarter - No active profile set, falling back to default profiles: default
2019-05-08 00:00:30.448 [restartedMain] INFO  o.s.d.r.c.RepositoryConfigurationDelegate - Bootstrapping Spring Data repositories in DEFAULT mode.
2019-05-08 00:00:30.451 [restartedMain] INFO  o.s.d.r.c.RepositoryConfigurationDelegate - Finished Spring Data repository scanning in 3ms. Found 0 repository interfaces.
2019-05-08 00:00:30.535 [restartedMain] INFO  o.s.c.s.PostProcessorRegistrationDelegate$BeanPostProcessorChecker - Bean 'org.springframework.transaction.annotation.ProxyTransactionManagementConfiguration' of type [org.springframework.transaction.annotation.ProxyTransactionManagementConfiguration$$EnhancerBySpringCGLIB$$592e6c5f] is not eligible for getting processed by all BeanPostProcessors (for example: not eligible for auto-proxying)
2019-05-08 00:00:30.538 [restartedMain] INFO  o.s.c.s.PostProcessorRegistrationDelegate$BeanPostProcessorChecker - Bean 'org.springframework.security.config.annotation.configuration.ObjectPostProcessorConfiguration' of type [org.springframework.security.config.annotation.configuration.ObjectPostProcessorConfiguration$$EnhancerBySpringCGLIB$$f1dc3499] is not eligible for getting processed by all BeanPostProcessors (for example: not eligible for auto-proxying)
2019-05-08 00:00:30.540 [restartedMain] INFO  o.s.c.s.PostProcessorRegistrationDelegate$BeanPostProcessorChecker - Bean 'objectPostProcessor' of type [org.springframework.security.config.annotation.configuration.AutowireBeanFactoryObjectPostProcessor] is not eligible for getting processed by all BeanPostProcessors (for example: not eligible for auto-proxying)
2019-05-08 00:00:30.540 [restartedMain] INFO  o.s.c.s.PostProcessorRegistrationDelegate$BeanPostProcessorChecker - Bean 'org.springframework.security.access.expression.method.DefaultMethodSecurityExpressionHandler@16e9d515' of type [org.springframework.security.access.expression.method.DefaultMethodSecurityExpressionHandler] is not eligible for getting processed by all BeanPostProcessors (for example: not eligible for auto-proxying)
2019-05-08 00:00:30.541 [restartedMain] INFO  o.s.c.s.PostProcessorRegistrationDelegate$BeanPostProcessorChecker - Bean 'org.springframework.security.config.annotation.method.configuration.GlobalMethodSecurityConfiguration' of type [org.springframework.security.config.annotation.method.configuration.GlobalMethodSecurityConfiguration$$EnhancerBySpringCGLIB$$16b0d74b] is not eligible for getting processed by all BeanPostProcessors (for example: not eligible for auto-proxying)
2019-05-08 00:00:30.543 [restartedMain] INFO  o.s.c.s.PostProcessorRegistrationDelegate$BeanPostProcessorChecker - Bean 'org.springframework.security.config.annotation.method.configuration.Jsr250MetadataSourceConfiguration' of type [org.springframework.security.config.annotation.method.configuration.Jsr250MetadataSourceConfiguration$$EnhancerBySpringCGLIB$$3c05ef61] is not eligible for getting processed by all BeanPostProcessors (for example: not eligible for auto-proxying)
2019-05-08 00:00:30.543 [restartedMain] INFO  o.s.c.s.PostProcessorRegistrationDelegate$BeanPostProcessorChecker - Bean 'jsr250MethodSecurityMetadataSource' of type [org.springframework.security.access.annotation.Jsr250MethodSecurityMetadataSource] is not eligible for getting processed by all BeanPostProcessors (for example: not eligible for auto-proxying)
2019-05-08 00:00:30.543 [restartedMain] INFO  o.s.c.s.PostProcessorRegistrationDelegate$BeanPostProcessorChecker - Bean 'methodSecurityMetadataSource' of type [org.springframework.security.access.method.DelegatingMethodSecurityMetadataSource] is not eligible for getting processed by all BeanPostProcessors (for example: not eligible for auto-proxying)
2019-05-08 00:00:30.545 [restartedMain] INFO  o.s.c.s.PostProcessorRegistrationDelegate$BeanPostProcessorChecker - Bean 'org.springframework.hateoas.config.HateoasConfiguration' of type [org.springframework.hateoas.config.HateoasConfiguration$$EnhancerBySpringCGLIB$$d8aeb991] is not eligible for getting processed by all BeanPostProcessors (for example: not eligible for auto-proxying)
2019-05-08 00:00:30.684 [restartedMain] INFO  o.s.b.w.e.tomcat.TomcatWebServer - Tomcat initialized with port(s): 9034 (http)
2019-05-08 00:00:30.685 [restartedMain] INFO  o.a.catalina.core.StandardService - Starting service [Tomcat]
2019-05-08 00:00:30.685 [restartedMain] INFO  o.a.catalina.core.StandardEngine - Starting Servlet engine: [Apache Tomcat/9.0.17]
2019-05-08 00:00:30.735 [restartedMain] INFO  org.apache.jasper.servlet.TldScanner - At least one JAR was scanned for TLDs yet contained no TLDs. Enable debug logging for this logger for a complete list of JARs that were scanned but no TLDs were found in them. Skipping unneeded JARs during scanning can improve startup time and JSP compilation time.
2019-05-08 00:00:30.736 [restartedMain] INFO  o.a.c.c.C.[.[localhost].[/] - Initializing Spring embedded WebApplicationContext
2019-05-08 00:00:30.736 [restartedMain] INFO  o.s.web.context.ContextLoader - Root WebApplicationContext: initialization completed in 642 ms
2019-05-08 00:00:30.967 [restartedMain] INFO  o.s.b.a.s.s.UserDetailsServiceAutoConfiguration - 

Using generated security password: 410590fd-04e0-4bca-961a-6fc2e25513f2

2019-05-08 00:00:31.501 [restartedMain] INFO  c.a.mobile.SprinBootAppConfiguration - @@@ SecurityConfiguration class init completed: 0
2019-05-08 00:00:31.531 [restartedMain] INFO  com.zaxxer.hikari.HikariDataSource - HikariPool-127 - Starting...
2019-05-08 00:00:31.532 [restartedMain] INFO  com.zaxxer.hikari.HikariDataSource - HikariPool-127 - Start completed.
2019-05-08 00:00:31.538 [restartedMain] INFO  o.h.jpa.internal.util.LogHelper - HHH000204: Processing PersistenceUnitInfo [
	name: default
	...]
2019-05-08 00:00:31.544 [restartedMain] INFO  org.hibernate.dialect.Dialect - HHH000400: Using dialect: org.hibernate.dialect.H2Dialect
2019-05-08 00:00:31.551 [restartedMain] INFO  o.h.t.s.internal.SchemaCreatorImpl - HHH000476: Executing import script 'org.hibernate.tool.schema.internal.exec.ScriptSourceInputNonExistentImpl@a326f38'
2019-05-08 00:00:31.551 [restartedMain] INFO  o.s.o.j.LocalContainerEntityManagerFactoryBean - Initialized JPA EntityManagerFactory for persistence unit 'default'
2019-05-08 00:00:31.579 [restartedMain] INFO  o.s.b.d.a.OptionalLiveReloadServer - LiveReload server is running on port 35729
2019-05-08 00:00:31.748 [restartedMain] INFO  o.s.s.c.ThreadPoolTaskExecutor - Initializing ExecutorService 'applicationTaskExecutor'
2019-05-08 00:00:31.761 [restartedMain] INFO  c.a.mobile.SprinBootAppConfiguration - @@@ abas.edp.password	= *****
2019-05-08 00:00:31.761 [restartedMain] INFO  c.a.mobile.SprinBootAppConfiguration - @@@ abas.edp.port		= 6550
2019-05-08 00:00:31.761 [restartedMain] INFO  c.a.mobile.SprinBootAppConfiguration - @@@ abas.server.ip		= 192.168.1.5
2019-05-08 00:00:31.761 [restartedMain] INFO  c.a.mobile.SprinBootAppConfiguration - @@@ abas.s3.dir		= /u/abas/s3
2019-05-08 00:00:31.761 [restartedMain] INFO  c.a.mobile.SprinBootAppConfiguration - @@@ abas.base.dir		= /u/abas
2019-05-08 00:00:31.761 [restartedMain] INFO  c.a.mobile.SprinBootAppConfiguration - @@@ abas.mandant		= erp
2019-05-08 00:00:31.850 [restartedMain] INFO  o.s.s.web.DefaultSecurityFilterChain - Creating filter chain: any request, [org.springframework.security.web.context.request.async.WebAsyncManagerIntegrationFilter@19e143f, org.springframework.security.web.context.SecurityContextPersistenceFilter@23728e0, org.springframework.security.web.header.HeaderWriterFilter@6deb26a9, org.springframework.web.filter.CharacterEncodingFilter@2f00045f, org.springframework.security.web.authentication.logout.LogoutFilter@5e6761e8, org.springframework.security.web.authentication.UsernamePasswordAuthenticationFilter@3ac0d18d, org.springframework.security.web.session.ConcurrentSessionFilter@1eebb6f9, org.springframework.security.web.savedrequest.RequestCacheAwareFilter@36dd9861, org.springframework.security.web.servletapi.SecurityContextHolderAwareRequestFilter@1df840d0, org.springframework.security.web.authentication.rememberme.RememberMeAuthenticationFilter@4bb238b8, org.springframework.security.web.authentication.AnonymousAuthenticationFilter@1370f48b, org.springframework.security.web.session.SessionManagementFilter@730b00ba, org.springframework.security.web.access.ExceptionTranslationFilter@58688509, org.springframework.security.web.access.intercept.FilterSecurityInterceptor@37732863]
2019-05-08 00:00:31.869 [restartedMain] WARN  o.s.b.a.o.j.JpaBaseConfiguration$JpaWebConfiguration$JpaWebMvcConfiguration - spring.jpa.open-in-view is enabled by default. Therefore, database queries may be performed during view rendering. Explicitly configure spring.jpa.open-in-view to disable this warning
2019-05-08 00:00:31.925 [restartedMain] WARN  o.t.templatemode.TemplateMode - [THYMELEAF][restartedMain] Template Mode 'HTML5' is deprecated. Using Template Mode 'HTML' instead.
2019-05-08 00:00:32.073 [restartedMain] INFO  o.s.b.a.e.web.EndpointLinksResolver - Exposing 17 endpoint(s) beneath base path '/abasadmin/actuator'
2019-05-08 00:00:32.121 [restartedMain] INFO  c.a.mobile.SprinBootAppConfiguration - @@@ application initialization completed
2019-05-08 00:00:32.137 [restartedMain] INFO  o.s.b.w.e.tomcat.TomcatWebServer - Tomcat started on port(s): 9034 (http) with context path ''
2019-05-08 00:00:32.137 [restartedMain] INFO  com.abas.mobile.SpringBootAppStarter - Started SpringBootAppStarter in 2.089 seconds (JVM running for 10857.242)
2019-05-08 00:00:32.140 [restartedMain] INFO  o.s.b.d.a.ConditionEvaluationDeltaLoggingListener - Condition evaluation unchanged
2019-05-08 00:00:32.915 [RMI TCP Connection(1)-127.0.0.1] INFO  o.a.c.c.C.[.[localhost].[/] - Initializing Spring DispatcherServlet 'dispatcherServlet'
2019-05-08 00:00:32.919 [RMI TCP Connection(1)-127.0.0.1] INFO  o.s.web.servlet.DispatcherServlet - Initializing Servlet 'dispatcherServlet'
2019-05-08 00:00:32.928 [RMI TCP Connection(1)-127.0.0.1] INFO  o.s.web.servlet.DispatcherServlet - Completed initialization in 9 ms
2019-05-08 00:00:48.641 [Thread-1098] INFO  o.s.s.c.ThreadPoolTaskExecutor - Shutting down ExecutorService 'applicationTaskExecutor'
2019-05-08 00:00:48.642 [Thread-1098] INFO  o.s.o.j.LocalContainerEntityManagerFactoryBean - Closing JPA EntityManagerFactory for persistence unit 'default'
2019-05-08 00:00:48.642 [Thread-1098] INFO  o.h.t.s.i.SchemaDropperImpl$DelayedDropActionImpl - HHH000477: Starting delayed evictData of schema as part of SessionFactory shut-down'
2019-05-08 00:00:48.646 [Thread-1098] INFO  o.s.b.f.s.DisposableBeanAdapter - Invocation of destroy method failed on bean with name 'inMemoryDatabaseShutdownExecutor': org.h2.jdbc.JdbcSQLNonTransientConnectionException: Database is already closed (to disable automatic closing at VM shutdown, add ";DB_CLOSE_ON_EXIT=FALSE" to the db URL) [90121-199]
2019-05-08 00:00:48.647 [Thread-1098] INFO  com.zaxxer.hikari.HikariDataSource - HikariPool-127 - Shutdown initiated...
2019-05-08 00:00:48.648 [Thread-1098] INFO  com.zaxxer.hikari.HikariDataSource - HikariPool-127 - Shutdown completed.
2019-05-08 00:00:49.479 [restartedMain] INFO  com.abas.mobile.SpringBootAppStarter - Starting SpringBootAppStarter on COOLMET with PID 21136 (E:\Proje\web\abasmobile\target\classes started by lenovo in E:\Proje\web\abasmobile)
2019-05-08 00:00:49.479 [restartedMain] INFO  com.abas.mobile.SpringBootAppStarter - No active profile set, falling back to default profiles: default
2019-05-08 00:00:49.805 [restartedMain] INFO  o.s.d.r.c.RepositoryConfigurationDelegate - Bootstrapping Spring Data repositories in DEFAULT mode.
2019-05-08 00:00:49.807 [restartedMain] INFO  o.s.d.r.c.RepositoryConfigurationDelegate - Finished Spring Data repository scanning in 1ms. Found 0 repository interfaces.
2019-05-08 00:00:49.867 [restartedMain] INFO  o.s.c.s.PostProcessorRegistrationDelegate$BeanPostProcessorChecker - Bean 'org.springframework.transaction.annotation.ProxyTransactionManagementConfiguration' of type [org.springframework.transaction.annotation.ProxyTransactionManagementConfiguration$$EnhancerBySpringCGLIB$$592e6c5f] is not eligible for getting processed by all BeanPostProcessors (for example: not eligible for auto-proxying)
2019-05-08 00:00:49.871 [restartedMain] INFO  o.s.c.s.PostProcessorRegistrationDelegate$BeanPostProcessorChecker - Bean 'org.springframework.security.config.annotation.configuration.ObjectPostProcessorConfiguration' of type [org.springframework.security.config.annotation.configuration.ObjectPostProcessorConfiguration$$EnhancerBySpringCGLIB$$f1dc3499] is not eligible for getting processed by all BeanPostProcessors (for example: not eligible for auto-proxying)
2019-05-08 00:00:49.872 [restartedMain] INFO  o.s.c.s.PostProcessorRegistrationDelegate$BeanPostProcessorChecker - Bean 'objectPostProcessor' of type [org.springframework.security.config.annotation.configuration.AutowireBeanFactoryObjectPostProcessor] is not eligible for getting processed by all BeanPostProcessors (for example: not eligible for auto-proxying)
2019-05-08 00:00:49.873 [restartedMain] INFO  o.s.c.s.PostProcessorRegistrationDelegate$BeanPostProcessorChecker - Bean 'org.springframework.security.access.expression.method.DefaultMethodSecurityExpressionHandler@723330c9' of type [org.springframework.security.access.expression.method.DefaultMethodSecurityExpressionHandler] is not eligible for getting processed by all BeanPostProcessors (for example: not eligible for auto-proxying)
2019-05-08 00:00:49.873 [restartedMain] INFO  o.s.c.s.PostProcessorRegistrationDelegate$BeanPostProcessorChecker - Bean 'org.springframework.security.config.annotation.method.configuration.GlobalMethodSecurityConfiguration' of type [org.springframework.security.config.annotation.method.configuration.GlobalMethodSecurityConfiguration$$EnhancerBySpringCGLIB$$16b0d74b] is not eligible for getting processed by all BeanPostProcessors (for example: not eligible for auto-proxying)
2019-05-08 00:00:49.875 [restartedMain] INFO  o.s.c.s.PostProcessorRegistrationDelegate$BeanPostProcessorChecker - Bean 'org.springframework.security.config.annotation.method.configuration.Jsr250MetadataSourceConfiguration' of type [org.springframework.security.config.annotation.method.configuration.Jsr250MetadataSourceConfiguration$$EnhancerBySpringCGLIB$$3c05ef61] is not eligible for getting processed by all BeanPostProcessors (for example: not eligible for auto-proxying)
2019-05-08 00:00:49.875 [restartedMain] INFO  o.s.c.s.PostProcessorRegistrationDelegate$BeanPostProcessorChecker - Bean 'jsr250MethodSecurityMetadataSource' of type [org.springframework.security.access.annotation.Jsr250MethodSecurityMetadataSource] is not eligible for getting processed by all BeanPostProcessors (for example: not eligible for auto-proxying)
2019-05-08 00:00:49.875 [restartedMain] INFO  o.s.c.s.PostProcessorRegistrationDelegate$BeanPostProcessorChecker - Bean 'methodSecurityMetadataSource' of type [org.springframework.security.access.method.DelegatingMethodSecurityMetadataSource] is not eligible for getting processed by all BeanPostProcessors (for example: not eligible for auto-proxying)
2019-05-08 00:00:49.877 [restartedMain] INFO  o.s.c.s.PostProcessorRegistrationDelegate$BeanPostProcessorChecker - Bean 'org.springframework.hateoas.config.HateoasConfiguration' of type [org.springframework.hateoas.config.HateoasConfiguration$$EnhancerBySpringCGLIB$$d8aeb991] is not eligible for getting processed by all BeanPostProcessors (for example: not eligible for auto-proxying)
2019-05-08 00:00:50.010 [restartedMain] INFO  o.s.b.w.e.tomcat.TomcatWebServer - Tomcat initialized with port(s): 9034 (http)
2019-05-08 00:00:50.010 [restartedMain] INFO  o.a.catalina.core.StandardService - Starting service [Tomcat]
2019-05-08 00:00:50.010 [restartedMain] INFO  o.a.catalina.core.StandardEngine - Starting Servlet engine: [Apache Tomcat/9.0.17]
2019-05-08 00:00:50.072 [restartedMain] INFO  org.apache.jasper.servlet.TldScanner - At least one JAR was scanned for TLDs yet contained no TLDs. Enable debug logging for this logger for a complete list of JARs that were scanned but no TLDs were found in them. Skipping unneeded JARs during scanning can improve startup time and JSP compilation time.
2019-05-08 00:00:50.073 [restartedMain] INFO  o.a.c.c.C.[.[localhost].[/] - Initializing Spring embedded WebApplicationContext
2019-05-08 00:00:50.073 [restartedMain] INFO  o.s.web.context.ContextLoader - Root WebApplicationContext: initialization completed in 593 ms
2019-05-08 00:00:50.292 [restartedMain] INFO  o.s.b.a.s.s.UserDetailsServiceAutoConfiguration - 

Using generated security password: aeeb313b-17b6-4337-9478-ab3f2e764066

2019-05-08 00:00:50.811 [restartedMain] INFO  c.a.mobile.SprinBootAppConfiguration - @@@ SecurityConfiguration class init completed: 0
2019-05-08 00:00:50.841 [restartedMain] INFO  com.zaxxer.hikari.HikariDataSource - HikariPool-128 - Starting...
2019-05-08 00:00:50.843 [restartedMain] INFO  com.zaxxer.hikari.HikariDataSource - HikariPool-128 - Start completed.
2019-05-08 00:00:50.849 [restartedMain] INFO  o.h.jpa.internal.util.LogHelper - HHH000204: Processing PersistenceUnitInfo [
	name: default
	...]
2019-05-08 00:00:50.856 [restartedMain] INFO  org.hibernate.dialect.Dialect - HHH000400: Using dialect: org.hibernate.dialect.H2Dialect
2019-05-08 00:00:50.866 [restartedMain] INFO  o.h.t.s.internal.SchemaCreatorImpl - HHH000476: Executing import script 'org.hibernate.tool.schema.internal.exec.ScriptSourceInputNonExistentImpl@a326f38'
2019-05-08 00:00:50.866 [restartedMain] INFO  o.s.o.j.LocalContainerEntityManagerFactoryBean - Initialized JPA EntityManagerFactory for persistence unit 'default'
2019-05-08 00:00:50.893 [restartedMain] INFO  o.s.b.d.a.OptionalLiveReloadServer - LiveReload server is running on port 35729
2019-05-08 00:00:51.079 [restartedMain] INFO  o.s.s.c.ThreadPoolTaskExecutor - Initializing ExecutorService 'applicationTaskExecutor'
2019-05-08 00:00:51.092 [restartedMain] INFO  c.a.mobile.SprinBootAppConfiguration - @@@ abas.edp.password	= *****
2019-05-08 00:00:51.092 [restartedMain] INFO  c.a.mobile.SprinBootAppConfiguration - @@@ abas.edp.port		= 6550
2019-05-08 00:00:51.092 [restartedMain] INFO  c.a.mobile.SprinBootAppConfiguration - @@@ abas.server.ip		= 192.168.1.5
2019-05-08 00:00:51.092 [restartedMain] INFO  c.a.mobile.SprinBootAppConfiguration - @@@ abas.s3.dir		= /u/abas/s3
2019-05-08 00:00:51.092 [restartedMain] INFO  c.a.mobile.SprinBootAppConfiguration - @@@ abas.base.dir		= /u/abas
2019-05-08 00:00:51.092 [restartedMain] INFO  c.a.mobile.SprinBootAppConfiguration - @@@ abas.mandant		= erp
2019-05-08 00:00:51.178 [restartedMain] INFO  o.s.s.web.DefaultSecurityFilterChain - Creating filter chain: any request, [org.springframework.security.web.context.request.async.WebAsyncManagerIntegrationFilter@4e258b09, org.springframework.security.web.context.SecurityContextPersistenceFilter@28379d2e, org.springframework.security.web.header.HeaderWriterFilter@3d41f083, org.springframework.web.filter.CharacterEncodingFilter@5157cf73, org.springframework.security.web.authentication.logout.LogoutFilter@14f22120, org.springframework.security.web.authentication.UsernamePasswordAuthenticationFilter@c167c8a, org.springframework.security.web.session.ConcurrentSessionFilter@4b2c1c66, org.springframework.security.web.savedrequest.RequestCacheAwareFilter@1a40a543, org.springframework.security.web.servletapi.SecurityContextHolderAwareRequestFilter@3f16c588, org.springframework.security.web.authentication.rememberme.RememberMeAuthenticationFilter@29fc57d9, org.springframework.security.web.authentication.AnonymousAuthenticationFilter@6e9a0bff, org.springframework.security.web.session.SessionManagementFilter@19378893, org.springframework.security.web.access.ExceptionTranslationFilter@373a985d, org.springframework.security.web.access.intercept.FilterSecurityInterceptor@756d501e]
2019-05-08 00:00:51.196 [restartedMain] WARN  o.s.b.a.o.j.JpaBaseConfiguration$JpaWebConfiguration$JpaWebMvcConfiguration - spring.jpa.open-in-view is enabled by default. Therefore, database queries may be performed during view rendering. Explicitly configure spring.jpa.open-in-view to disable this warning
2019-05-08 00:00:51.247 [restartedMain] WARN  o.t.templatemode.TemplateMode - [THYMELEAF][restartedMain] Template Mode 'HTML5' is deprecated. Using Template Mode 'HTML' instead.
2019-05-08 00:00:51.382 [restartedMain] INFO  o.s.b.a.e.web.EndpointLinksResolver - Exposing 17 endpoint(s) beneath base path '/abasadmin/actuator'
2019-05-08 00:00:51.434 [restartedMain] INFO  c.a.mobile.SprinBootAppConfiguration - @@@ application initialization completed
2019-05-08 00:00:51.454 [restartedMain] INFO  o.s.b.w.e.tomcat.TomcatWebServer - Tomcat started on port(s): 9034 (http) with context path ''
2019-05-08 00:00:51.454 [restartedMain] INFO  com.abas.mobile.SpringBootAppStarter - Started SpringBootAppStarter in 2.022 seconds (JVM running for 10876.559)
2019-05-08 00:00:51.463 [restartedMain] INFO  o.s.b.d.a.ConditionEvaluationDeltaLoggingListener - Condition evaluation unchanged
2019-05-08 00:00:53.196 [RMI TCP Connection(1)-127.0.0.1] INFO  o.a.c.c.C.[.[localhost].[/] - Initializing Spring DispatcherServlet 'dispatcherServlet'
2019-05-08 00:00:53.198 [RMI TCP Connection(1)-127.0.0.1] INFO  o.s.web.servlet.DispatcherServlet - Initializing Servlet 'dispatcherServlet'
2019-05-08 00:00:53.204 [RMI TCP Connection(1)-127.0.0.1] INFO  o.s.web.servlet.DispatcherServlet - Completed initialization in 6 ms
2019-05-08 00:01:38.776 [RMI TCP Connection(3)-127.0.0.1] INFO  o.s.b.a.SpringApplicationAdminMXBeanRegistrar$SpringApplicationAdmin - Application shutdown requested.
2019-05-08 00:01:38.779 [RMI TCP Connection(3)-127.0.0.1] INFO  o.s.s.c.ThreadPoolTaskExecutor - Shutting down ExecutorService 'applicationTaskExecutor'
2019-05-08 00:01:38.779 [RMI TCP Connection(3)-127.0.0.1] INFO  o.s.o.j.LocalContainerEntityManagerFactoryBean - Closing JPA EntityManagerFactory for persistence unit 'default'
2019-05-08 00:01:38.779 [RMI TCP Connection(3)-127.0.0.1] INFO  o.h.t.s.i.SchemaDropperImpl$DelayedDropActionImpl - HHH000477: Starting delayed evictData of schema as part of SessionFactory shut-down'
2019-05-08 00:01:38.781 [RMI TCP Connection(3)-127.0.0.1] INFO  o.s.b.f.s.DisposableBeanAdapter - Invocation of destroy method failed on bean with name 'inMemoryDatabaseShutdownExecutor': org.h2.jdbc.JdbcSQLNonTransientConnectionException: Database is already closed (to disable automatic closing at VM shutdown, add ";DB_CLOSE_ON_EXIT=FALSE" to the db URL) [90121-199]
2019-05-08 00:01:38.782 [RMI TCP Connection(3)-127.0.0.1] INFO  com.zaxxer.hikari.HikariDataSource - HikariPool-128 - Shutdown initiated...
2019-05-08 00:01:38.783 [RMI TCP Connection(3)-127.0.0.1] INFO  com.zaxxer.hikari.HikariDataSource - HikariPool-128 - Shutdown completed.
